app/build/intermediates/manifest_merge_blame_file/debug/processDebugMainManifest/manifest-merger-blame-debug-report.txt
1<?xml version="1.0" encoding="utf-8"?>
2<manifest xmlns:android="http://schemas.android.com/apk/res/android"
3    package="com.gk.movie"
4    android:versionCode="100"
5    android:versionName="1.0" >
6
7    <uses-sdk
8        android:minSdkVersion="26"
9        android:targetSdkVersion="36" />
10
11    <!-- 1. 必须添加网络权限 (OkHttp/Jsoup/Glide 需要) -->
12    <uses-permission android:name="android.permission.INTERNET" />
12-->src/main/AndroidManifest.xml:6:5-67
12-->src/main/AndroidManifest.xml:6:22-64
13    <uses-permission android:name="android.permission.FOREGROUND_SERVICE_DATA_SYNC" />
13-->src/main/AndroidManifest.xml:8:5-87
13-->src/main/AndroidManifest.xml:8:22-84
14    <uses-permission android:name="android.permission.MANAGE_EXTERNAL_STORAGE" />
14-->src/main/AndroidManifest.xml:9:5-111
14-->src/main/AndroidManifest.xml:9:22-79
15
16    <!-- 2. 平板兼容性关键配置 -->
17    <!-- 声明电话功能可选，确保 WiFi 版平板能安装 -->
18    <uses-feature
18-->src/main/AndroidManifest.xml:13:5-88
19        android:name="android.hardware.telephony"
19-->src/main/AndroidManifest.xml:13:19-60
20        android:required="false" />
20-->src/main/AndroidManifest.xml:13:61-85
21    <uses-feature
21-->src/main/AndroidManifest.xml:14:5-85
22        android:name="android.hardware.camera"
22-->src/main/AndroidManifest.xml:14:19-57
23        android:required="false" />
23-->src/main/AndroidManifest.xml:14:58-82
24
25    <!-- 3. 屏幕尺寸支持声明 -->
26    <supports-screens
26-->src/main/AndroidManifest.xml:17:5-23:37
27        android:anyDensity="true"
27-->src/main/AndroidManifest.xml:23:9-34
28        android:largeScreens="true"
28-->src/main/AndroidManifest.xml:21:9-36
29        android:normalScreens="true"
29-->src/main/AndroidManifest.xml:20:9-37
30        android:resizeable="true"
30-->src/main/AndroidManifest.xml:18:9-34
31        android:smallScreens="false"
31-->src/main/AndroidManifest.xml:19:9-37
32        android:xlargeScreens="true" />
32-->src/main/AndroidManifest.xml:22:9-37
33
34    <uses-permission android:name="android.permission.GET_PACKAGE_SIZE" />
34-->[logger-runtime.aar] AndroidManifest.xml:7:5-75
34-->[logger-runtime.aar] AndroidManifest.xml:7:22-72
35    <uses-permission android:name="android.permission.QUERY_ALL_PACKAGES" />
35-->[logger-runtime.aar] AndroidManifest.xml:8:5-77
35-->[logger-runtime.aar] AndroidManifest.xml:8:22-74
36
37    <queries>
37-->[logger-runtime.aar] AndroidManifest.xml:10:5-12:15
38        <package android:name="io.github.mohammedbaqernull.logger" />
38-->[logger-runtime.aar] AndroidManifest.xml:11:9-70
38-->[logger-runtime.aar] AndroidManifest.xml:11:18-67
39    </queries>
40
41    <uses-permission android:name="android.permission.ACCESS_NETWORK_STATE" />
41-->[androidx.media3:media3-exoplayer:1.10.0-beta01] AndroidManifest.xml:22:5-79
41-->[androidx.media3:media3-exoplayer:1.10.0-beta01] AndroidManifest.xml:22:22-76
42    <uses-permission android:name="android.permission.WAKE_LOCK" />
42-->[androidx.media3:media3-exoplayer:1.10.0-beta01] AndroidManifest.xml:23:5-68
42-->[androidx.media3:media3-exoplayer:1.10.0-beta01] AndroidManifest.xml:23:22-65
43
44    <permission
44-->[androidx.core:core:1.18.0-alpha01] AndroidManifest.xml:22:5-24:47
45        android:name="com.gk.movie.DYNAMIC_RECEIVER_NOT_EXPORTED_PERMISSION"
45-->[androidx.core:core:1.18.0-alpha01] AndroidManifest.xml:23:9-81
46        android:protectionLevel="signature" />
46-->[androidx.core:core:1.18.0-alpha01] AndroidManifest.xml:24:9-44
47
48    <uses-permission android:name="com.gk.movie.DYNAMIC_RECEIVER_NOT_EXPORTED_PERMISSION" />
48-->[androidx.core:core:1.18.0-alpha01] AndroidManifest.xml:26:5-97
48-->[androidx.core:core:1.18.0-alpha01] AndroidManifest.xml:26:22-94
49
50    <application
50-->src/main/AndroidManifest.xml:25:5-50:19
51        android:allowBackup="true"
51-->src/main/AndroidManifest.xml:26:9-35
52        android:appComponentFactory="androidx.core.app.CoreComponentFactory"
52-->[androidx.core:core:1.18.0-alpha01] AndroidManifest.xml:28:18-86
53        android:debuggable="true"
54        android:extractNativeLibs="false"
55        android:icon="@mipmap/ic_launcher"
55-->src/main/AndroidManifest.xml:27:9-43
56        android:label="@string/app_name"
56-->src/main/AndroidManifest.xml:28:9-41
57        android:resizeableActivity="true"
57-->src/main/AndroidManifest.xml:31:9-42
58        android:roundIcon="@mipmap/ic_launcher_round"
58-->src/main/AndroidManifest.xml:29:9-54
59        android:supportsRtl="true"
59-->src/main/AndroidManifest.xml:30:9-35
60        android:theme="@style/Theme.ComposeEmptyActivity" >
60-->src/main/AndroidManifest.xml:32:9-58
61        <activity
61-->src/main/AndroidManifest.xml:35:9-46:20
62            android:name="com.gk.movie.Utils.Media3Play.ui.infoActivity"
62-->src/main/AndroidManifest.xml:36:13-73
63            android:configChanges="orientation|screenSize|screenLayout|smallestScreenSize|uiMode"
63-->src/main/AndroidManifest.xml:40:13-98
64            android:exported="true"
64-->src/main/AndroidManifest.xml:37:13-36
65            android:resizeableActivity="true"
65-->src/main/AndroidManifest.xml:38:13-46
66            android:windowSoftInputMode="adjustResize" >
66-->src/main/AndroidManifest.xml:39:13-55
67            <intent-filter>
67-->src/main/AndroidManifest.xml:42:13-45:29
68                <action android:name="android.intent.action.MAIN" />
68-->src/main/AndroidManifest.xml:43:17-69
68-->src/main/AndroidManifest.xml:43:25-66
69
70                <category android:name="android.intent.category.LAUNCHER" />
70-->src/main/AndroidManifest.xml:44:17-77
70-->src/main/AndroidManifest.xml:44:27-74
71            </intent-filter>
72        </activity>
73
74        <provider
74-->[logger-runtime.aar] AndroidManifest.xml:15:9-18:39
75            android:name="io.github.mohammedbaqernull.logger.logwire.LogWireInitializer"
75-->[logger-runtime.aar] AndroidManifest.xml:16:13-89
76            android:authorities="com.gk.movie.logwire.initializer"
76-->[logger-runtime.aar] AndroidManifest.xml:17:13-71
77            android:exported="true" />
77-->[logger-runtime.aar] AndroidManifest.xml:18:13-36
78
79        <activity
79-->[androidx.compose.ui:ui-tooling-android:1.11.0-alpha06] AndroidManifest.xml:23:9-25:39
80            android:name="androidx.compose.ui.tooling.PreviewActivity"
80-->[androidx.compose.ui:ui-tooling-android:1.11.0-alpha06] AndroidManifest.xml:24:13-71
81            android:exported="true" />
81-->[androidx.compose.ui:ui-tooling-android:1.11.0-alpha06] AndroidManifest.xml:25:13-36
82
83        <uses-library
83-->[androidx.window:window:1.5.0] AndroidManifest.xml:23:9-25:40
84            android:name="androidx.window.extensions"
84-->[androidx.window:window:1.5.0] AndroidManifest.xml:24:13-54
85            android:required="false" />
85-->[androidx.window:window:1.5.0] AndroidManifest.xml:25:13-37
86        <uses-library
86-->[androidx.window:window:1.5.0] AndroidManifest.xml:26:9-28:40
87            android:name="androidx.window.sidecar"
87-->[androidx.window:window:1.5.0] AndroidManifest.xml:27:13-51
88            android:required="false" />
88-->[androidx.window:window:1.5.0] AndroidManifest.xml:28:13-37
89
90        <provider
90-->[androidx.emoji2:emoji2:1.4.0] AndroidManifest.xml:24:9-32:20
91            android:name="androidx.startup.InitializationProvider"
91-->[androidx.emoji2:emoji2:1.4.0] AndroidManifest.xml:25:13-67
92            android:authorities="com.gk.movie.androidx-startup"
92-->[androidx.emoji2:emoji2:1.4.0] AndroidManifest.xml:26:13-68
93            android:exported="false" >
93-->[androidx.emoji2:emoji2:1.4.0] AndroidManifest.xml:27:13-37
94            <meta-data
94-->[androidx.emoji2:emoji2:1.4.0] AndroidManifest.xml:29:13-31:52
95                android:name="androidx.emoji2.text.EmojiCompatInitializer"
95-->[androidx.emoji2:emoji2:1.4.0] AndroidManifest.xml:30:17-75
96                android:value="androidx.startup" />
96-->[androidx.emoji2:emoji2:1.4.0] AndroidManifest.xml:31:17-49
97            <meta-data
97-->[androidx.lifecycle:lifecycle-process:2.11.0-alpha01] AndroidManifest.xml:29:13-31:52
98                android:name="androidx.lifecycle.ProcessLifecycleInitializer"
98-->[androidx.lifecycle:lifecycle-process:2.11.0-alpha01] AndroidManifest.xml:30:17-78
99                android:value="androidx.startup" />
99-->[androidx.lifecycle:lifecycle-process:2.11.0-alpha01] AndroidManifest.xml:31:17-49
100            <meta-data
100-->[com.squareup.okhttp3:okhttp-android:5.3.2] AndroidManifest.xml:16:13-18:52
101                android:name="okhttp3.internal.platform.PlatformInitializer"
101-->[com.squareup.okhttp3:okhttp-android:5.3.2] AndroidManifest.xml:17:17-77
102                android:value="androidx.startup" />
102-->[com.squareup.okhttp3:okhttp-android:5.3.2] AndroidManifest.xml:18:17-49
103            <meta-data
103-->[androidx.profileinstaller:profileinstaller:1.4.0] AndroidManifest.xml:29:13-31:52
104                android:name="androidx.profileinstaller.ProfileInstallerInitializer"
104-->[androidx.profileinstaller:profileinstaller:1.4.0] AndroidManifest.xml:30:17-85
105                android:value="androidx.startup" />
105-->[androidx.profileinstaller:profileinstaller:1.4.0] AndroidManifest.xml:31:17-49
106        </provider>
107
108        <receiver
108-->[androidx.profileinstaller:profileinstaller:1.4.0] AndroidManifest.xml:34:9-52:20
109            android:name="androidx.profileinstaller.ProfileInstallReceiver"
109-->[androidx.profileinstaller:profileinstaller:1.4.0] AndroidManifest.xml:35:13-76
110            android:directBootAware="false"
110-->[androidx.profileinstaller:profileinstaller:1.4.0] AndroidManifest.xml:36:13-44
111            android:enabled="true"
111-->[androidx.profileinstaller:profileinstaller:1.4.0] AndroidManifest.xml:37:13-35
112            android:exported="true"
112-->[androidx.profileinstaller:profileinstaller:1.4.0] AndroidManifest.xml:38:13-36
113            android:permission="android.permission.DUMP" >
113-->[androidx.profileinstaller:profileinstaller:1.4.0] AndroidManifest.xml:39:13-57
114            <intent-filter>
114-->[androidx.profileinstaller:profileinstaller:1.4.0] AndroidManifest.xml:40:13-42:29
115                <action android:name="androidx.profileinstaller.action.INSTALL_PROFILE" />
115-->[androidx.profileinstaller:profileinstaller:1.4.0] AndroidManifest.xml:41:17-91
115-->[androidx.profileinstaller:profileinstaller:1.4.0] AndroidManifest.xml:41:25-88
116            </intent-filter>
117            <intent-filter>
117-->[androidx.profileinstaller:profileinstaller:1.4.0] AndroidManifest.xml:43:13-45:29
118                <action android:name="androidx.profileinstaller.action.SKIP_FILE" />
118-->[androidx.profileinstaller:profileinstaller:1.4.0] AndroidManifest.xml:44:17-85
118-->[androidx.profileinstaller:profileinstaller:1.4.0] AndroidManifest.xml:44:25-82
119            </intent-filter>
120            <intent-filter>
120-->[androidx.profileinstaller:profileinstaller:1.4.0] AndroidManifest.xml:46:13-48:29
121                <action android:name="androidx.profileinstaller.action.SAVE_PROFILE" />
121-->[androidx.profileinstaller:profileinstaller:1.4.0] AndroidManifest.xml:47:17-88
121-->[androidx.profileinstaller:profileinstaller:1.4.0] AndroidManifest.xml:47:25-85
122            </intent-filter>
123            <intent-filter>
123-->[androidx.profileinstaller:profileinstaller:1.4.0] AndroidManifest.xml:49:13-51:29
124                <action android:name="androidx.profileinstaller.action.BENCHMARK_OPERATION" />
124-->[androidx.profileinstaller:profileinstaller:1.4.0] AndroidManifest.xml:50:17-95
124-->[androidx.profileinstaller:profileinstaller:1.4.0] AndroidManifest.xml:50:25-92
125            </intent-filter>
126        </receiver>
127    </application>
128
129</manifest>